gDTUnionDemo/build/outputs/logs/manifest-merger-debug-report.txt
-- Merging decision tree log ---
manifest
ADDED from src\main\AndroidManifest.xml:2:1-140:12
	package
		ADDED from src\main\AndroidManifest.xml:3:5-34
		INJECTED from src\main\AndroidManifest.xml
		INJECTED from src\main\AndroidManifest.xml
	android:versionName
		ADDED from src\main\AndroidManifest.xml:5:5-30
		INJECTED from src\main\AndroidManifest.xml
		INJECTED from src\main\AndroidManifest.xml
	android:versionCode
		ADDED from src\main\AndroidManifest.xml:4:5-28
		INJECTED from src\main\AndroidManifest.xml
		INJECTED from src\main\AndroidManifest.xml
	xmlns:android
		ADDED from src\main\AndroidManifest.xml:2:11-69
uses-permission#android.permission.INTERNET
ADDED from src\main\AndroidManifest.xml:8:5-67
	android:name
		ADDED from src\main\AndroidManifest.xml:8:22-64
uses-permission#android.permission.ACCESS_NETWORK_STATE
ADDED from src\main\AndroidManifest.xml:9:5-79
	android:name
		ADDED from src\main\AndroidManifest.xml:9:22-76
uses-permission#android.permission.ACCESS_WIFI_STATE
ADDED from src\main\AndroidManifest.xml:10:5-76
	android:name
		ADDED from src\main\AndroidManifest.xml:10:22-73
uses-permission#android.permission.READ_PHONE_STATE
ADDED from src\main\AndroidManifest.xml:11:5-75
	android:name
		ADDED from src\main\AndroidManifest.xml:11:22-72
uses-permission#android.permission.ACCESS_COARSE_LOCATION
ADDED from src\main\AndroidManifest.xml:12:5-81
	android:name
		ADDED from src\main\AndroidManifest.xml:12:22-78
uses-permission#android.permission.ACCESS_FINE_LOCATION
ADDED from src\main\AndroidManifest.xml:13:5-79
	android:name
		ADDED from src\main\AndroidManifest.xml:13:22-76
uses-permission#android.permission.WRITE_EXTERNAL_STORAGE
ADDED from src\main\AndroidManifest.xml:14:5-81
	android:name
		ADDED from src\main\AndroidManifest.xml:14:22-78
uses-permission#android.permission.REQUEST_INSTALL_PACKAGES
ADDED from src\main\AndroidManifest.xml:15:5-83
	android:name
		ADDED from src\main\AndroidManifest.xml:15:22-80
uses-sdk
ADDED from src\main\AndroidManifest.xml:17:5-19:41
MERGED from [com.android.support:support-v4:22.2.1] AndroidManifest.xml:20:5-43
	android:targetSdkVersion
		ADDED from src\main\AndroidManifest.xml:19:9-38
		INJECTED from src\main\AndroidManifest.xml
		INJECTED from src\main\AndroidManifest.xml
	android:minSdkVersion
		ADDED from src\main\AndroidManifest.xml:18:9-34
		INJECTED from src\main\AndroidManifest.xml
		INJECTED from src\main\AndroidManifest.xml
application
ADDED from src\main\AndroidManifest.xml:21:5-138:19
MERGED from [com.android.support:support-v4:22.2.1] AndroidManifest.xml:22:5-20
	android:label
		ADDED from src\main\AndroidManifest.xml:23:9-41
	android:icon
		ADDED from src\main\AndroidManifest.xml:22:9-41
	android:theme
		ADDED from src\main\AndroidManifest.xml:24:9-40
meta-data#com.tencent.rdm.uuid
ADDED from src\main\AndroidManifest.xml:26:2-104
	android:value
		ADDED from src\main\AndroidManifest.xml:26:49-101
	android:name
		ADDED from src\main\AndroidManifest.xml:26:13-48
provider#android.support.v4.content.FileProvider
ADDED from src\main\AndroidManifest.xml:29:9-37:20
	android:authorities
		ADDED from src\main\AndroidManifest.xml:31:13-67
	android:grantUriPermissions
		ADDED from src\main\AndroidManifest.xml:33:13-47
	android:exported
		ADDED from src\main\AndroidManifest.xml:32:13-37
	android:name
		ADDED from src\main\AndroidManifest.xml:30:13-67
meta-data#android.support.FILE_PROVIDER_PATHS
ADDED from src\main\AndroidManifest.xml:34:13-36:57
	android:resource
		ADDED from src\main\AndroidManifest.xml:36:17-54
	android:name
		ADDED from src\main\AndroidManifest.xml:35:17-67
service#com.qq.e.comm.DownloadService
ADDED from src\main\AndroidManifest.xml:40:9-42:39
	android:exported
		ADDED from src\main\AndroidManifest.xml:42:13-37
	android:name
		ADDED from src\main\AndroidManifest.xml:41:13-57
activity#com.qq.e.ads.ADActivity
ADDED from src\main\AndroidManifest.xml:44:9-46:85
	android:configChanges
		ADDED from src\main\AndroidManifest.xml:46:13-83
	android:name
		ADDED from src\main\AndroidManifest.xml:45:13-51
activity#com.qq.e.union.demo.DemoListActivity
ADDED from src\main\AndroidManifest.xml:49:9-55:46
	android:screenOrientation
		ADDED from src\main\AndroidManifest.xml:52:13-49
	android:label
		ADDED from src\main\AndroidManifest.xml:51:13-60
	android:launchMode
		ADDED from src\main\AndroidManifest.xml:55:13-44
	android:exported
		ADDED from src\main\AndroidManifest.xml:54:13-36
	android:windowSoftInputMode
		ADDED from src\main\AndroidManifest.xml:53:13-72
	android:name
		ADDED from src\main\AndroidManifest.xml:50:13-45
activity#com.qq.e.union.demo.SplashActivity
ADDED from src\main\AndroidManifest.xml:56:9-65:20
	android:screenOrientation
		ADDED from src\main\AndroidManifest.xml:58:13-49
	android:theme
		ADDED from src\main\AndroidManifest.xml:59:13-71
	android:name
		ADDED from src\main\AndroidManifest.xml:57:13-43
intent-filter#android.intent.action.MAIN+android.intent.category.LAUNCHER
ADDED from src\main\AndroidManifest.xml:60:13-64:29
action#android.intent.action.MAIN
ADDED from src\main\AndroidManifest.xml:61:17-69
	android:name
		ADDED from src\main\AndroidManifest.xml:61:25-66
category#android.intent.category.LAUNCHER
ADDED from src\main\AndroidManifest.xml:63:17-77
	android:name
		ADDED from src\main\AndroidManifest.xml:63:27-74
activity#com.qq.e.union.demo.BannerActivity
ADDED from src\main\AndroidManifest.xml:66:9-69:75
	android:label
		ADDED from src\main\AndroidManifest.xml:68:13-58
	android:windowSoftInputMode
		ADDED from src\main\AndroidManifest.xml:69:13-72
	android:name
		ADDED from src\main\AndroidManifest.xml:67:13-43
activity#com.qq.e.union.demo.InterstitialADActivity
ADDED from src\main\AndroidManifest.xml:70:9-73:75
	android:label
		ADDED from src\main\AndroidManifest.xml:72:13-67
	android:windowSoftInputMode
		ADDED from src\main\AndroidManifest.xml:73:13-72
	android:name
		ADDED from src\main\AndroidManifest.xml:71:13-51
activity#com.qq.e.union.demo.DeviceInfoActivity
ADDED from src\main\AndroidManifest.xml:74:9-77:75
	android:label
		ADDED from src\main\AndroidManifest.xml:76:13-63
	android:windowSoftInputMode
		ADDED from src\main\AndroidManifest.xml:77:13-72
	android:name
		ADDED from src\main\AndroidManifest.xml:75:13-47
activity#com.qq.e.union.demo.NativeADActivity
ADDED from src\main\AndroidManifest.xml:78:9-82:75
	android:screenOrientation
		ADDED from src\main\AndroidManifest.xml:81:13-49
	android:label
		ADDED from src\main\AndroidManifest.xml:80:13-51
	android:windowSoftInputMode
		ADDED from src\main\AndroidManifest.xml:82:13-72
	android:name
		ADDED from src\main\AndroidManifest.xml:79:13-45
activity#com.qq.e.union.demo.MultiProcessNativeADActivity
ADDED from src\main\AndroidManifest.xml:83:9-89:20
	android:process
		ADDED from src\main\AndroidManifest.xml:86:13-40
	android:screenOrientation
		ADDED from src\main\AndroidManifest.xml:87:13-49
	android:label
		ADDED from src\main\AndroidManifest.xml:85:13-51
	android:windowSoftInputMode
		ADDED from src\main\AndroidManifest.xml:88:13-72
	android:name
		ADDED from src\main\AndroidManifest.xml:84:13-57
activity#com.qq.e.union.demo.NativeVideoListDemoActivity
ADDED from src\main\AndroidManifest.xml:90:9-93:51
	android:screenOrientation
		ADDED from src\main\AndroidManifest.xml:93:13-49
	android:label
		ADDED from src\main\AndroidManifest.xml:92:13-70
	android:name
		ADDED from src\main\AndroidManifest.xml:91:13-56
activity#com.qq.e.union.demo.NativeVideoDemoActivity
ADDED from src\main\AndroidManifest.xml:94:9-97:51
	android:screenOrientation
		ADDED from src\main\AndroidManifest.xml:97:13-49
	android:label
		ADDED from src\main\AndroidManifest.xml:96:13-69
	android:name
		ADDED from src\main\AndroidManifest.xml:95:13-52
activity#com.qq.e.union.demo.NativeVideoADActivity
ADDED from src\main\AndroidManifest.xml:98:9-102:51
	android:screenOrientation
		ADDED from src\main\AndroidManifest.xml:102:13-49
	android:label
		ADDED from src\main\AndroidManifest.xml:101:13-67
	android:windowSoftInputMode
		ADDED from src\main\AndroidManifest.xml:100:13-72
	android:name
		ADDED from src\main\AndroidManifest.xml:99:13-50
activity#com.qq.e.union.demo.NativeVideoRecyclerViewActivity
ADDED from src\main\AndroidManifest.xml:103:9-106:51
	android:screenOrientation
		ADDED from src\main\AndroidManifest.xml:106:13-49
	android:label
		ADDED from src\main\AndroidManifest.xml:105:13-78
	android:name
		ADDED from src\main\AndroidManifest.xml:104:13-60
activity#com.qq.e.union.demo.NativeVideoScrollViewActivity
ADDED from src\main\AndroidManifest.xml:107:9-111:51
	android:screenOrientation
		ADDED from src\main\AndroidManifest.xml:111:13-49
	android:label
		ADDED from src\main\AndroidManifest.xml:109:13-76
	android:theme
		ADDED from src\main\AndroidManifest.xml:110:13-60
	android:name
		ADDED from src\main\AndroidManifest.xml:108:13-58
activity#com.qq.e.union.demo.NativeVideoPreMovieActivity
ADDED from src\main\AndroidManifest.xml:112:9-116:85
	android:label
		ADDED from src\main\AndroidManifest.xml:114:13-74
	android:configChanges
		ADDED from src\main\AndroidManifest.xml:116:13-83
	android:theme
		ADDED from src\main\AndroidManifest.xml:115:13-60
	android:name
		ADDED from src\main\AndroidManifest.xml:113:13-56
activity#com.qq.e.union.demo.NativeExpressADActivity
ADDED from src\main\AndroidManifest.xml:117:9-121:75
	android:screenOrientation
		ADDED from src\main\AndroidManifest.xml:120:13-49
	android:label
		ADDED from src\main\AndroidManifest.xml:119:13-69
	android:windowSoftInputMode
		ADDED from src\main\AndroidManifest.xml:121:13-72
	android:name
		ADDED from src\main\AndroidManifest.xml:118:13-52
activity#com.qq.e.union.demo.NativeExpressDemoActivity
ADDED from src\main\AndroidManifest.xml:122:9-127:52
	android:screenOrientation
		ADDED from src\main\AndroidManifest.xml:127:13-49
	android:label
		ADDED from src\main\AndroidManifest.xml:126:13-71
	android:windowSoftInputMode
		ADDED from src\main\AndroidManifest.xml:124:13-54
	android:configChanges
		ADDED from src\main\AndroidManifest.xml:125:13-83
	android:name
		ADDED from src\main\AndroidManifest.xml:123:13-54
activity#com.qq.e.union.demo.NativeExpressRecyclerViewActivity
ADDED from src\main\AndroidManifest.xml:128:9-132:52
	android:screenOrientation
		ADDED from src\main\AndroidManifest.xml:132:13-49
	android:label
		ADDED from src\main\AndroidManifest.xml:131:13-80
	android:configChanges
		ADDED from src\main\AndroidManifest.xml:130:13-83
	android:name
		ADDED from src\main\AndroidManifest.xml:129:13-62
activity#com.qq.e.union.demo.ContentADActivity
ADDED from src\main\AndroidManifest.xml:133:9-137:51
	android:screenOrientation
		ADDED from src\main\AndroidManifest.xml:137:13-49
	android:label
		ADDED from src\main\AndroidManifest.xml:135:13-52
	android:windowSoftInputMode
		ADDED from src\main\AndroidManifest.xml:136:13-72
	android:name
		ADDED from src\main\AndroidManifest.xml:134:13-46